[Jun 11 2015 17:57:03] ERROR_HANDLER 
Number:  2
Message: Invalid argument supplied for foreach()
File:    /home4/playlabo/public_html/doartystuff/wp-includes/plugin.php
Line:    622
-------------------------------------------- 
[Jun 11 2015 17:57:03] ERROR_HANDLER 
Number:  2
Message: Invalid argument supplied for foreach()
File:    /home4/playlabo/public_html/doartystuff/wp-includes/plugin.php
Line:    622
-------------------------------------------- 
[Jun 11 2015 17:57:03] ERROR_HANDLER 
Number:  2
Message: Invalid argument supplied for foreach()
File:    /home4/playlabo/public_html/doartystuff/wp-includes/plugin.php
Line:    622
-------------------------------------------- 
[Jun 11 2015 17:57:03] ERROR_HANDLER 
Number:  2
Message: Invalid argument supplied for foreach()
File:    /home4/playlabo/public_html/doartystuff/wp-includes/plugin.php
Line:    622
-------------------------------------------- 
[Jun 11 2015 17:57:03] ERROR_HANDLER 
Number:  2
Message: Invalid argument supplied for foreach()
File:    /home4/playlabo/public_html/doartystuff/wp-includes/plugin.php
Line:    622
-------------------------------------------- 
[Jun 11 2015 17:57:03] ERROR_HANDLER 
Number:  2
Message: Invalid argument supplied for foreach()
File:    /home4/playlabo/public_html/doartystuff/wp-includes/plugin.php
Line:    622
-------------------------------------------- 
[Jun 11 2015 17:57:03] ERROR_HANDLER 
Number:  2
Message: Invalid argument supplied for foreach()
File:    /home4/playlabo/public_html/doartystuff/wp-includes/plugin.php
Line:    622
-------------------------------------------- 
[Jun 11 2015 17:57:03] ERROR_HANDLER 
Number:  2
Message: Invalid argument supplied for foreach()
File:    /home4/playlabo/public_html/doartystuff/wp-includes/plugin.php
Line:    622
-------------------------------------------- 
[Jun 11 2015 17:57:03] ERROR_HANDLER 
Number:  2
Message: Invalid argument supplied for foreach()
File:    /home4/playlabo/public_html/doartystuff/wp-includes/plugin.php
Line:    622
-------------------------------------------- 
[Jun 11 2015 17:57:03] ERROR_HANDLER 
Number:  2
Message: Invalid argument supplied for foreach()
File:    /home4/playlabo/public_html/doartystuff/wp-includes/plugin.php
Line:    622
-------------------------------------------- 
[Jun 11 2015 17:57:03] ERROR_HANDLER 
Number:  2
Message: Invalid argument supplied for foreach()
File:    /home4/playlabo/public_html/doartystuff/wp-includes/plugin.php
Line:    622
-------------------------------------------- 
[Jun 11 2015 17:57:03] ERROR_HANDLER 
Number:  2
Message: Invalid argument supplied for foreach()
File:    /home4/playlabo/public_html/doartystuff/wp-includes/plugin.php
Line:    622
-------------------------------------------- 
[Jun 11 2015 17:57:03] ERROR_HANDLER 
Number:  2
Message: Invalid argument supplied for foreach()
File:    /home4/playlabo/public_html/doartystuff/wp-includes/plugin.php
Line:    622
-------------------------------------------- 
[Jun 11 2015 17:57:03] ERROR_HANDLER 
Number:  2
Message: Invalid argument supplied for foreach()
File:    /home4/playlabo/public_html/doartystuff/wp-includes/plugin.php
Line:    622
-------------------------------------------- 
[Jun 11 2015 17:57:03] ERROR_HANDLER 
Number:  2
Message: Invalid argument supplied for foreach()
File:    /home4/playlabo/public_html/doartystuff/wp-includes/plugin.php
Line:    622
-------------------------------------------- 
[Jun 11 2015 17:57:03] ERROR_HANDLER 
Number:  2
Message: Invalid argument supplied for foreach()
File:    /home4/playlabo/public_html/doartystuff/wp-includes/plugin.php
Line:    622
-------------------------------------------- 
[Jun 11 2015 17:57:03] ERROR_HANDLER 
Number:  2
Message: Invalid argument supplied for foreach()
File:    /home4/playlabo/public_html/doartystuff/wp-includes/plugin.php
Line:    622
-------------------------------------------- 
[Jun 11 2015 17:57:03] ERROR_HANDLER 
Number:  2
Message: Invalid argument supplied for foreach()
File:    /home4/playlabo/public_html/doartystuff/wp-includes/plugin.php
Line:    622
-------------------------------------------- 
[Jun 11 2015 17:57:03] ERROR_HANDLER 
Number:  2
Message: Invalid argument supplied for foreach()
File:    /home4/playlabo/public_html/doartystuff/wp-includes/plugin.php
Line:    622
-------------------------------------------- 
[Jun 11 2015 17:57:03] ERROR_HANDLER 
Number:  2
Message: Invalid argument supplied for foreach()
File:    /home4/playlabo/public_html/doartystuff/wp-includes/plugin.php
Line:    622
-------------------------------------------- 
[Jun 11 2015 17:57:03] ERROR_HANDLER 
Number:  2
Message: Invalid argument supplied for foreach()
File:    /home4/playlabo/public_html/doartystuff/wp-includes/plugin.php
Line:    622
-------------------------------------------- 
[Jun 11 2015 17:57:03] ERROR_HANDLER 
Number:  2
Message: Invalid argument supplied for foreach()
File:    /home4/playlabo/public_html/doartystuff/wp-includes/plugin.php
Line:    622
-------------------------------------------- 
[Jun 11 2015 17:57:03] ERROR_HANDLER 
Number:  2
Message: Invalid argument supplied for foreach()
File:    /home4/playlabo/public_html/doartystuff/wp-includes/plugin.php
Line:    622
-------------------------------------------- 
[Jun 11 2015 17:57:04] ERROR_HANDLER 
Number:  2
Message: Invalid argument supplied for foreach()
File:    /home4/playlabo/public_html/doartystuff/wp-includes/plugin.php
Line:    622
-------------------------------------------- 
[Jun 11 2015 17:57:04] ERROR_HANDLER 
Number:  2
Message: Invalid argument supplied for foreach()
File:    /home4/playlabo/public_html/doartystuff/wp-includes/plugin.php
Line:    622
-------------------------------------------- 
[Jun 11 2015 17:57:04] ERROR_HANDLER 
Number:  2
Message: Invalid argument supplied for foreach()
File:    /home4/playlabo/public_html/doartystuff/wp-includes/plugin.php
Line:    622
-------------------------------------------- 
[Jun 11 2015 17:57:04] ERROR_HANDLER 
Number:  2
Message: Invalid argument supplied for foreach()
File:    /home4/playlabo/public_html/doartystuff/wp-includes/plugin.php
Line:    622
-------------------------------------------- 
[Jun 11 2015 17:57:04] ERROR_HANDLER 
Number:  2
Message: Invalid argument supplied for foreach()
File:    /home4/playlabo/public_html/doartystuff/wp-includes/plugin.php
Line:    622
-------------------------------------------- 
[Jun 11 2015 17:57:04] ERROR_HANDLER 
Number:  2
Message: Invalid argument supplied for foreach()
File:    /home4/playlabo/public_html/doartystuff/wp-includes/plugin.php
Line:    622
-------------------------------------------- 
[Jun 11 2015 17:57:04] ERROR_HANDLER 
Number:  2
Message: Invalid argument supplied for foreach()
File:    /home4/playlabo/public_html/doartystuff/wp-includes/plugin.php
Line:    622
-------------------------------------------- 
[Jun 11 2015 17:57:04] ERROR_HANDLER 
Number:  2
Message: Invalid argument supplied for foreach()
File:    /home4/playlabo/public_html/doartystuff/wp-includes/plugin.php
Line:    622
-------------------------------------------- 
[Jun 11 2015 17:57:04] ERROR_HANDLER 
Number:  2
Message: Invalid argument supplied for foreach()
File:    /home4/playlabo/public_html/doartystuff/wp-includes/plugin.php
Line:    622
-------------------------------------------- 
[Jun 11 2015 17:57:04] ERROR_HANDLER 
Number:  2
Message: Invalid argument supplied for foreach()
File:    /home4/playlabo/public_html/doartystuff/wp-includes/plugin.php
Line:    622
-------------------------------------------- 
[Jun 11 2015 17:57:04] ERROR_HANDLER 
Number:  2
Message: Invalid argument supplied for foreach()
File:    /home4/playlabo/public_html/doartystuff/wp-includes/plugin.php
Line:    622
-------------------------------------------- 
[Jun 11 2015 17:57:04] ERROR_HANDLER 
Number:  2
Message: Invalid argument supplied for foreach()
File:    /home4/playlabo/public_html/doartystuff/wp-includes/plugin.php
Line:    622
-------------------------------------------- 
[Jun 11 2015 17:57:04] ERROR_HANDLER 
Number:  2
Message: Invalid argument supplied for foreach()
File:    /home4/playlabo/public_html/doartystuff/wp-includes/plugin.php
Line:    622
-------------------------------------------- 
[Jun 11 2015 17:57:04] ERROR_HANDLER 
Number:  2
Message: Invalid argument supplied for foreach()
File:    /home4/playlabo/public_html/doartystuff/wp-includes/plugin.php
Line:    622
-------------------------------------------- 
[Jun 11 2015 17:57:04] ERROR_HANDLER 
Number:  2
Message: Invalid argument supplied for foreach()
File:    /home4/playlabo/public_html/doartystuff/wp-includes/plugin.php
Line:    622
-------------------------------------------- 
[Jun 11 2015 17:57:04] ERROR_HANDLER 
Number:  2
Message: Invalid argument supplied for foreach()
File:    /home4/playlabo/public_html/doartystuff/wp-includes/plugin.php
Line:    622
-------------------------------------------- 
[Jun 11 2015 22:30:42] ERROR_HANDLER 
Number:  2
Message: SplFileObject::__construct(/home4/playlabo/public_html/doartystuff/wp-content/uploads/tribe-importer/tribe-import.csv) [<a href='splfileobject.--construct'>splfileobject.--construct</a>]: failed to open stream: No such file or directory
File:    /home4/playlabo/public_html/doartystuff/wp-content/plugins/the-events-calendar/lib/io/csv/classes/TribeEventsImporter_FileReader.php
Line:    14
-------------------------------------------- 
[Jun 11 2015 22:33:35] ERROR_HANDLER 
Number:  2
Message: SplFileObject::__construct(/home4/playlabo/public_html/doartystuff/wp-content/uploads/tribe-importer/tribe-import.csv) [<a href='splfileobject.--construct'>splfileobject.--construct</a>]: failed to open stream: No such file or directory
File:    /home4/playlabo/public_html/doartystuff/wp-content/plugins/the-events-calendar/lib/io/csv/classes/TribeEventsImporter_FileReader.php
Line:    14
-------------------------------------------- 
[Jun 11 2015 22:37:29] ERROR_HANDLER 
Number:  2
Message: SplFileObject::__construct(/home4/playlabo/public_html/doartystuff/wp-content/uploads/tribe-importer/tribe-import.csv) [<a href='splfileobject.--construct'>splfileobject.--construct</a>]: failed to open stream: No such file or directory
File:    /home4/playlabo/public_html/doartystuff/wp-content/plugins/the-events-calendar/lib/io/csv/classes/TribeEventsImporter_FileReader.php
Line:    14
-------------------------------------------- 
[Jun 11 2015 22:41:31] ERROR_HANDLER 
Number:  2
Message: SplFileObject::__construct(/home4/playlabo/public_html/doartystuff/wp-content/uploads/tribe-importer/tribe-import.csv) [<a href='splfileobject.--construct'>splfileobject.--construct</a>]: failed to open stream: No such file or directory
File:    /home4/playlabo/public_html/doartystuff/wp-content/plugins/the-events-calendar/lib/io/csv/classes/TribeEventsImporter_FileReader.php
Line:    14
-------------------------------------------- 
[Jun 13 2015 08:13:37] ERROR_HANDLER 
Number:  2
Message: fopen(http://svn.automattic.com/wordpress-i18n/es_ES/tags/3.9.6/messages/es_ES.mo) [<a href='function.fopen'>function.fopen</a>]: failed to open stream: HTTP request failed! HTTP/1.1 404 Not Found

File:    /home4/playlabo/public_html/doartystuff/wp-content/plugins/mqtranslate/mqtranslate_core.php
Line:    411
-------------------------------------------- 
[Jun 13 2015 09:10:12] ERROR_HANDLER 
Number:  2
Message: SplFileObject::__construct(/home4/playlabo/public_html/doartystuff/wp-content/uploads/tribe-importer/tribe-import.csv) [<a href='splfileobject.--construct'>splfileobject.--construct</a>]: failed to open stream: No such file or directory
File:    /home4/playlabo/public_html/doartystuff/wp-content/plugins/the-events-calendar/lib/io/csv/classes/TribeEventsImporter_FileReader.php
Line:    14
-------------------------------------------- 
[Jun 13 2015 10:01:34] ERROR_HANDLER 
Number:  2
Message: SplFileObject::__construct(/home4/playlabo/public_html/doartystuff/wp-content/uploads/tribe-importer/tribe-import.csv) [<a href='splfileobject.--construct'>splfileobject.--construct</a>]: failed to open stream: No such file or directory
File:    /home4/playlabo/public_html/doartystuff/wp-content/plugins/the-events-calendar/lib/io/csv/classes/TribeEventsImporter_FileReader.php
Line:    14
-------------------------------------------- 
[Jun 13 2015 17:58:59] ERROR_HANDLER 
Number:  2
Message: SplFileObject::__construct(/home4/playlabo/public_html/doartystuff/wp-content/uploads/tribe-importer/tribe-import.csv) [<a href='splfileobject.--construct'>splfileobject.--construct</a>]: failed to open stream: No such file or directory
File:    /home4/playlabo/public_html/doartystuff/wp-content/plugins/the-events-calendar/lib/io/csv/classes/TribeEventsImporter_FileReader.php
Line:    14
-------------------------------------------- 
